2020-07-18 17:56:46.246  WARN 10668 --- [HikariPool-1 housekeeper] com.zaxxer.hikari.pool.HikariPool        : HikariPool-1 - Thread starvation or clock leap detected (housekeeper delta=1d5h32m55s683ms90µs900ns).
2020-07-18 17:57:32.602 ERROR 10668 --- [http-nio-8080-exec-28] com.thanhtam.backend.config.JwtUtils     : Expired JWT token
2020-07-18 17:57:32.602 ERROR 10668 --- [http-nio-8080-exec-21] com.thanhtam.backend.config.JwtUtils     : Expired JWT token
2020-07-18 17:57:32.602 ERROR 10668 --- [http-nio-8080-exec-17] com.thanhtam.backend.config.JwtUtils     : Expired JWT token
2020-07-18 17:57:34.017 ERROR 10668 --- [http-nio-8080-exec-17] c.t.backend.config.AuthEntryPointJwt     : Unauthorized error: Full authentication is required to access this resource
2020-07-18 17:57:34.017 ERROR 10668 --- [http-nio-8080-exec-21] c.t.backend.config.AuthEntryPointJwt     : Unauthorized error: Full authentication is required to access this resource
2020-07-18 17:57:34.017 ERROR 10668 --- [http-nio-8080-exec-28] c.t.backend.config.AuthEntryPointJwt     : Unauthorized error: Full authentication is required to access this resource
2025-03-30 20:44:17.332  INFO 54348 --- [restartedMain] com.thanhtam.backend.BackendApplication  : Starting BackendApplication on chloe with PID 54348 (started by tony in /home/tony/Documents/N4K2-Software-Testing/source code/backend)
2025-03-30 20:44:17.334  INFO 54348 --- [restartedMain] com.thanhtam.backend.BackendApplication  : No active profile set, falling back to default profiles: default
2025-03-30 20:44:17.384  INFO 54348 --- [restartedMain] ConfigServletWebServerApplicationContext : Refreshing org.springframework.boot.web.servlet.context.AnnotationConfigServletWebServerApplicationContext@2b894add: startup date [Sun Mar 30 20:44:17 ICT 2025]; root of context hierarchy
2025-03-30 20:44:19.061  INFO 54348 --- [restartedMain] trationDelegate$BeanPostProcessorChecker : Bean 'org.springframework.transaction.annotation.ProxyTransactionManagementConfiguration' of type [org.springframework.transaction.annotation.ProxyTransactionManagementConfiguration$$EnhancerBySpringCGLIB$$3ad0eead] is not eligible for getting processed by all BeanPostProcessors (for example: not eligible for auto-proxying)
2025-03-30 20:44:19.108  INFO 54348 --- [restartedMain] trationDelegate$BeanPostProcessorChecker : Bean 'org.springframework.security.config.annotation.configuration.ObjectPostProcessorConfiguration' of type [org.springframework.security.config.annotation.configuration.ObjectPostProcessorConfiguration$$EnhancerBySpringCGLIB$$d37eb6e7] is not eligible for getting processed by all BeanPostProcessors (for example: not eligible for auto-proxying)
2025-03-30 20:44:19.119  INFO 54348 --- [restartedMain] trationDelegate$BeanPostProcessorChecker : Bean 'objectPostProcessor' of type [org.springframework.security.config.annotation.configuration.AutowireBeanFactoryObjectPostProcessor] is not eligible for getting processed by all BeanPostProcessors (for example: not eligible for auto-proxying)
2025-03-30 20:44:19.122  INFO 54348 --- [restartedMain] trationDelegate$BeanPostProcessorChecker : Bean 'org.springframework.security.access.expression.method.DefaultMethodSecurityExpressionHandler@285fd540' of type [org.springframework.security.access.expression.method.DefaultMethodSecurityExpressionHandler] is not eligible for getting processed by all BeanPostProcessors (for example: not eligible for auto-proxying)
2025-03-30 20:44:19.132  INFO 54348 --- [restartedMain] trationDelegate$BeanPostProcessorChecker : Bean 'org.springframework.security.config.annotation.method.configuration.GlobalMethodSecurityConfiguration' of type [org.springframework.security.config.annotation.method.configuration.GlobalMethodSecurityConfiguration$$EnhancerBySpringCGLIB$$f8535999] is not eligible for getting processed by all BeanPostProcessors (for example: not eligible for auto-proxying)
2025-03-30 20:44:19.141  INFO 54348 --- [restartedMain] trationDelegate$BeanPostProcessorChecker : Bean 'methodSecurityMetadataSource' of type [org.springframework.security.access.method.DelegatingMethodSecurityMetadataSource] is not eligible for getting processed by all BeanPostProcessors (for example: not eligible for auto-proxying)
2025-03-30 20:44:19.482  INFO 54348 --- [restartedMain] o.s.b.w.embedded.tomcat.TomcatWebServer  : Tomcat initialized with port(s): 8080 (http)
2025-03-30 20:44:19.573  INFO 54348 --- [restartedMain] o.apache.catalina.core.StandardService   : Starting service [Tomcat]
2025-03-30 20:44:19.573  INFO 54348 --- [restartedMain] org.apache.catalina.core.StandardEngine  : Starting Servlet Engine: Apache Tomcat/8.5.29
2025-03-30 20:44:19.581  INFO 54348 --- [localhost-startStop-1] o.a.catalina.core.AprLifecycleListener   : The APR based Apache Tomcat Native library which allows optimal performance in production environments was not found on the java.library.path: [:/usr/java/packages/lib/amd64:/usr/lib64:/lib64:/lib:/usr/lib]
2025-03-30 20:44:19.690  INFO 54348 --- [localhost-startStop-1] o.a.c.c.C.[Tomcat].[localhost].[/]       : Initializing Spring embedded WebApplicationContext
2025-03-30 20:44:19.691  INFO 54348 --- [localhost-startStop-1] o.s.web.context.ContextLoader            : Root WebApplicationContext: initialization completed in 2307 ms
2025-03-30 20:44:20.262  INFO 54348 --- [localhost-startStop-1] com.zaxxer.hikari.HikariDataSource       : HikariPool-1 - Starting...
2025-03-30 20:44:20.416  INFO 54348 --- [localhost-startStop-1] com.zaxxer.hikari.HikariDataSource       : HikariPool-1 - Start completed.
2025-03-30 20:44:20.488  INFO 54348 --- [localhost-startStop-1] j.LocalContainerEntityManagerFactoryBean : Building JPA container EntityManagerFactory for persistence unit 'default'
2025-03-30 20:44:20.508  INFO 54348 --- [localhost-startStop-1] o.hibernate.jpa.internal.util.LogHelper  : HHH000204: Processing PersistenceUnitInfo [
	name: default
	...]
2025-03-30 20:44:20.620  INFO 54348 --- [localhost-startStop-1] org.hibernate.Version                    : HHH000412: Hibernate Core {5.2.16.Final}
2025-03-30 20:44:20.623  INFO 54348 --- [localhost-startStop-1] org.hibernate.cfg.Environment            : HHH000206: hibernate.properties not found
2025-03-30 20:44:20.666  INFO 54348 --- [localhost-startStop-1] o.hibernate.annotations.common.Version   : HCANN000001: Hibernate Commons Annotations {5.0.1.Final}
2025-03-30 20:44:20.731 DEBUG 54348 --- [localhost-startStop-1] org.hibernate.type.BasicTypeRegistry     : Adding type registration boolean -> org.hibernate.type.BooleanType@331f71d5
2025-03-30 20:44:20.732 DEBUG 54348 --- [localhost-startStop-1] org.hibernate.type.BasicTypeRegistry     : Adding type registration boolean -> org.hibernate.type.BooleanType@331f71d5
2025-03-30 20:44:20.732 DEBUG 54348 --- [localhost-startStop-1] org.hibernate.type.BasicTypeRegistry     : Adding type registration java.lang.Boolean -> org.hibernate.type.BooleanType@331f71d5
2025-03-30 20:44:20.733 DEBUG 54348 --- [localhost-startStop-1] org.hibernate.type.BasicTypeRegistry     : Adding type registration numeric_boolean -> org.hibernate.type.NumericBooleanType@23730e2f
2025-03-30 20:44:20.734 DEBUG 54348 --- [localhost-startStop-1] org.hibernate.type.BasicTypeRegistry     : Adding type registration true_false -> org.hibernate.type.TrueFalseType@1c96eec5
2025-03-30 20:44:20.735 DEBUG 54348 --- [localhost-startStop-1] org.hibernate.type.BasicTypeRegistry     : Adding type registration yes_no -> org.hibernate.type.YesNoType@5ccb23ad
2025-03-30 20:44:20.737 DEBUG 54348 --- [localhost-startStop-1] org.hibernate.type.BasicTypeRegistry     : Adding type registration byte -> org.hibernate.type.ByteType@2c0c4ebc
2025-03-30 20:44:20.738 DEBUG 54348 --- [localhost-startStop-1] org.hibernate.type.BasicTypeRegistry     : Adding type registration byte -> org.hibernate.type.ByteType@2c0c4ebc
2025-03-30 20:44:20.738 DEBUG 54348 --- [localhost-startStop-1] org.hibernate.type.BasicTypeRegistry     : Adding type registration java.lang.Byte -> org.hibernate.type.ByteType@2c0c4ebc
2025-03-30 20:44:20.739 DEBUG 54348 --- [localhost-startStop-1] org.hibernate.type.BasicTypeRegistry     : Adding type registration character -> org.hibernate.type.CharacterType@49fd5e1b
2025-03-30 20:44:20.740 DEBUG 54348 --- [localhost-startStop-1] org.hibernate.type.BasicTypeRegistry     : Adding type registration char -> org.hibernate.type.CharacterType@49fd5e1b
2025-03-30 20:44:20.740 DEBUG 54348 --- [localhost-startStop-1] org.hibernate.type.BasicTypeRegistry     : Adding type registration java.lang.Character -> org.hibernate.type.CharacterType@49fd5e1b
2025-03-30 20:44:20.741 DEBUG 54348 --- [localhost-startStop-1] org.hibernate.type.BasicTypeRegistry     : Adding type registration short -> org.hibernate.type.ShortType@7b716332
2025-03-30 20:44:20.741 DEBUG 54348 --- [localhost-startStop-1] org.hibernate.type.BasicTypeRegistry     : Adding type registration short -> org.hibernate.type.ShortType@7b716332
2025-03-30 20:44:20.742 DEBUG 54348 --- [localhost-startStop-1] org.hibernate.type.BasicTypeRegistry     : Adding type registration java.lang.Short -> org.hibernate.type.ShortType@7b716332
2025-03-30 20:44:20.743 DEBUG 54348 --- [localhost-startStop-1] org.hibernate.type.BasicTypeRegistry     : Adding type registration integer -> org.hibernate.type.IntegerType@4c2f1c37
2025-03-30 20:44:20.743 DEBUG 54348 --- [localhost-startStop-1] org.hibernate.type.BasicTypeRegistry     : Adding type registration int -> org.hibernate.type.IntegerType@4c2f1c37
2025-03-30 20:44:20.743 DEBUG 54348 --- [localhost-startStop-1] org.hibernate.type.BasicTypeRegistry     : Adding type registration java.lang.Integer -> org.hibernate.type.IntegerType@4c2f1c37
2025-03-30 20:44:20.744 DEBUG 54348 --- [localhost-startStop-1] org.hibernate.type.BasicTypeRegistry     : Adding type registration long -> org.hibernate.type.LongType@14696cf3
2025-03-30 20:44:20.744 DEBUG 54348 --- [localhost-startStop-1] org.hibernate.type.BasicTypeRegistry     : Adding type registration long -> org.hibernate.type.LongType@14696cf3
2025-03-30 20:44:20.745 DEBUG 54348 --- [localhost-startStop-1] org.hibernate.type.BasicTypeRegistry     : Adding type registration java.lang.Long -> org.hibernate.type.LongType@14696cf3
2025-03-30 20:44:20.746 DEBUG 54348 --- [localhost-startStop-1] org.hibernate.type.BasicTypeRegistry     : Adding type registration float -> org.hibernate.type.FloatType@778e1eea
2025-03-30 20:44:20.746 DEBUG 54348 --- [localhost-startStop-1] org.hibernate.type.BasicTypeRegistry     : Adding type registration float -> org.hibernate.type.FloatType@778e1eea
2025-03-30 20:44:20.746 DEBUG 54348 --- [localhost-startStop-1] org.hibernate.type.BasicTypeRegistry     : Adding type registration java.lang.Float -> org.hibernate.type.FloatType@778e1eea
2025-03-30 20:44:20.747 DEBUG 54348 --- [localhost-startStop-1] org.hibernate.type.BasicTypeRegistry     : Adding type registration double -> org.hibernate.type.DoubleType@5cdbc96b
2025-03-30 20:44:20.748 DEBUG 54348 --- [localhost-startStop-1] org.hibernate.type.BasicTypeRegistry     : Adding type registration double -> org.hibernate.type.DoubleType@5cdbc96b
2025-03-30 20:44:20.748 DEBUG 54348 --- [localhost-startStop-1] org.hibernate.type.BasicTypeRegistry     : Adding type registration java.lang.Double -> org.hibernate.type.DoubleType@5cdbc96b
2025-03-30 20:44:20.749 DEBUG 54348 --- [localhost-startStop-1] org.hibernate.type.BasicTypeRegistry     : Adding type registration big_decimal -> org.hibernate.type.BigDecimalType@21a1c282
2025-03-30 20:44:20.749 DEBUG 54348 --- [localhost-startStop-1] org.hibernate.type.BasicTypeRegistry     : Adding type registration java.math.BigDecimal -> org.hibernate.type.BigDecimalType@21a1c282
2025-03-30 20:44:20.751 DEBUG 54348 --- [localhost-startStop-1] org.hibernate.type.BasicTypeRegistry     : Adding type registration big_integer -> org.hibernate.type.BigIntegerType@1f588d33
2025-03-30 20:44:20.751 DEBUG 54348 --- [localhost-startStop-1] org.hibernate.type.BasicTypeRegistry     : Adding type registration java.math.BigInteger -> org.hibernate.type.BigIntegerType@1f588d33
2025-03-30 20:44:20.752 DEBUG 54348 --- [localhost-startStop-1] org.hibernate.type.BasicTypeRegistry     : Adding type registration string -> org.hibernate.type.StringType@41f2cc4c
2025-03-30 20:44:20.752 DEBUG 54348 --- [localhost-startStop-1] org.hibernate.type.BasicTypeRegistry     : Adding type registration java.lang.String -> org.hibernate.type.StringType@41f2cc4c
2025-03-30 20:44:20.753 DEBUG 54348 --- [localhost-startStop-1] org.hibernate.type.BasicTypeRegistry     : Adding type registration nstring -> org.hibernate.type.StringNVarcharType@3079f036
2025-03-30 20:44:20.754 DEBUG 54348 --- [localhost-startStop-1] org.hibernate.type.BasicTypeRegistry     : Adding type registration ncharacter -> org.hibernate.type.CharacterNCharType@38fa1b98
2025-03-30 20:44:20.755 DEBUG 54348 --- [localhost-startStop-1] org.hibernate.type.BasicTypeRegistry     : Adding type registration url -> org.hibernate.type.UrlType@4859bf5
2025-03-30 20:44:20.755 DEBUG 54348 --- [localhost-startStop-1] org.hibernate.type.BasicTypeRegistry     : Adding type registration java.net.URL -> org.hibernate.type.UrlType@4859bf5
2025-03-30 20:44:20.756 DEBUG 54348 --- [localhost-startStop-1] org.hibernate.type.BasicTypeRegistry     : Adding type registration Duration -> org.hibernate.type.DurationType@46f813
2025-03-30 20:44:20.756 DEBUG 54348 --- [localhost-startStop-1] org.hibernate.type.BasicTypeRegistry     : Adding type registration java.time.Duration -> org.hibernate.type.DurationType@46f813
2025-03-30 20:44:20.757 DEBUG 54348 --- [localhost-startStop-1] org.hibernate.type.BasicTypeRegistry     : Adding type registration Instant -> org.hibernate.type.InstantType@24ceb539
2025-03-30 20:44:20.757 DEBUG 54348 --- [localhost-startStop-1] org.hibernate.type.BasicTypeRegistry     : Adding type registration java.time.Instant -> org.hibernate.type.InstantType@24ceb539
2025-03-30 20:44:20.758 DEBUG 54348 --- [localhost-startStop-1] org.hibernate.type.BasicTypeRegistry     : Adding type registration LocalDateTime -> org.hibernate.type.LocalDateTimeType@2ad351a8
2025-03-30 20:44:20.759 DEBUG 54348 --- [localhost-startStop-1] org.hibernate.type.BasicTypeRegistry     : Adding type registration java.time.LocalDateTime -> org.hibernate.type.LocalDateTimeType@2ad351a8
2025-03-30 20:44:20.760 DEBUG 54348 --- [localhost-startStop-1] org.hibernate.type.BasicTypeRegistry     : Adding type registration LocalDate -> org.hibernate.type.LocalDateType@34f557ac
2025-03-30 20:44:20.760 DEBUG 54348 --- [localhost-startStop-1] org.hibernate.type.BasicTypeRegistry     : Adding type registration java.time.LocalDate -> org.hibernate.type.LocalDateType@34f557ac
2025-03-30 20:44:20.761 DEBUG 54348 --- [localhost-startStop-1] org.hibernate.type.BasicTypeRegistry     : Adding type registration LocalTime -> org.hibernate.type.LocalTimeType@508b5434
2025-03-30 20:44:20.761 DEBUG 54348 --- [localhost-startStop-1] org.hibernate.type.BasicTypeRegistry     : Adding type registration java.time.LocalTime -> org.hibernate.type.LocalTimeType@508b5434
2025-03-30 20:44:20.762 DEBUG 54348 --- [localhost-startStop-1] org.hibernate.type.BasicTypeRegistry     : Adding type registration OffsetDateTime -> org.hibernate.type.OffsetDateTimeType@522d2f8c
2025-03-30 20:44:20.762 DEBUG 54348 --- [localhost-startStop-1] org.hibernate.type.BasicTypeRegistry     : Adding type registration java.time.OffsetDateTime -> org.hibernate.type.OffsetDateTimeType@522d2f8c
2025-03-30 20:44:20.763 DEBUG 54348 --- [localhost-startStop-1] org.hibernate.type.BasicTypeRegistry     : Adding type registration OffsetTime -> org.hibernate.type.OffsetTimeType@3aaa9497
2025-03-30 20:44:20.763 DEBUG 54348 --- [localhost-startStop-1] org.hibernate.type.BasicTypeRegistry     : Adding type registration java.time.OffsetTime -> org.hibernate.type.OffsetTimeType@3aaa9497
2025-03-30 20:44:20.766 DEBUG 54348 --- [localhost-startStop-1] org.hibernate.type.BasicTypeRegistry     : Adding type registration ZonedDateTime -> org.hibernate.type.ZonedDateTimeType@158481e9
2025-03-30 20:44:20.766 DEBUG 54348 --- [localhost-startStop-1] org.hibernate.type.BasicTypeRegistry     : Adding type registration java.time.ZonedDateTime -> org.hibernate.type.ZonedDateTimeType@158481e9
2025-03-30 20:44:20.768 DEBUG 54348 --- [localhost-startStop-1] org.hibernate.type.BasicTypeRegistry     : Adding type registration date -> org.hibernate.type.DateType@46cc061a
2025-03-30 20:44:20.768 DEBUG 54348 --- [localhost-startStop-1] org.hibernate.type.BasicTypeRegistry     : Adding type registration java.sql.Date -> org.hibernate.type.DateType@46cc061a
2025-03-30 20:44:20.769 DEBUG 54348 --- [localhost-startStop-1] org.hibernate.type.BasicTypeRegistry     : Adding type registration time -> org.hibernate.type.TimeType@5aa9679a
2025-03-30 20:44:20.769 DEBUG 54348 --- [localhost-startStop-1] org.hibernate.type.BasicTypeRegistry     : Adding type registration java.sql.Time -> org.hibernate.type.TimeType@5aa9679a
2025-03-30 20:44:20.770 DEBUG 54348 --- [localhost-startStop-1] org.hibernate.type.BasicTypeRegistry     : Adding type registration timestamp -> org.hibernate.type.TimestampType@3da30437
2025-03-30 20:44:20.770 DEBUG 54348 --- [localhost-startStop-1] org.hibernate.type.BasicTypeRegistry     : Adding type registration java.sql.Timestamp -> org.hibernate.type.TimestampType@3da30437
2025-03-30 20:44:20.771 DEBUG 54348 --- [localhost-startStop-1] org.hibernate.type.BasicTypeRegistry     : Adding type registration java.util.Date -> org.hibernate.type.TimestampType@3da30437
2025-03-30 20:44:20.772 DEBUG 54348 --- [localhost-startStop-1] org.hibernate.type.BasicTypeRegistry     : Adding type registration dbtimestamp -> org.hibernate.type.DbTimestampType@3b4e47d3
2025-03-30 20:44:20.773 DEBUG 54348 --- [localhost-startStop-1] org.hibernate.type.BasicTypeRegistry     : Adding type registration calendar -> org.hibernate.type.CalendarType@2dcebad2
2025-03-30 20:44:20.774 DEBUG 54348 --- [localhost-startStop-1] org.hibernate.type.BasicTypeRegistry     : Adding type registration java.util.Calendar -> org.hibernate.type.CalendarType@2dcebad2
2025-03-30 20:44:20.774 DEBUG 54348 --- [localhost-startStop-1] org.hibernate.type.BasicTypeRegistry     : Adding type registration java.util.GregorianCalendar -> org.hibernate.type.CalendarType@2dcebad2
2025-03-30 20:44:20.774 DEBUG 54348 --- [localhost-startStop-1] org.hibernate.type.BasicTypeRegistry     : Adding type registration calendar_date -> org.hibernate.type.CalendarDateType@319c3131
2025-03-30 20:44:20.775 DEBUG 54348 --- [localhost-startStop-1] org.hibernate.type.BasicTypeRegistry     : Adding type registration locale -> org.hibernate.type.LocaleType@3fdd1dfc
2025-03-30 20:44:20.775 DEBUG 54348 --- [localhost-startStop-1] org.hibernate.type.BasicTypeRegistry     : Adding type registration java.util.Locale -> org.hibernate.type.LocaleType@3fdd1dfc
2025-03-30 20:44:20.776 DEBUG 54348 --- [localhost-startStop-1] org.hibernate.type.BasicTypeRegistry     : Adding type registration currency -> org.hibernate.type.CurrencyType@1fc5f60a
2025-03-30 20:44:20.776 DEBUG 54348 --- [localhost-startStop-1] org.hibernate.type.BasicTypeRegistry     : Adding type registration java.util.Currency -> org.hibernate.type.CurrencyType@1fc5f60a
2025-03-30 20:44:20.776 DEBUG 54348 --- [localhost-startStop-1] org.hibernate.type.BasicTypeRegistry     : Adding type registration timezone -> org.hibernate.type.TimeZoneType@6d10a1db
2025-03-30 20:44:20.777 DEBUG 54348 --- [localhost-startStop-1] org.hibernate.type.BasicTypeRegistry     : Adding type registration java.util.TimeZone -> org.hibernate.type.TimeZoneType@6d10a1db
2025-03-30 20:44:20.777 DEBUG 54348 --- [localhost-startStop-1] org.hibernate.type.BasicTypeRegistry     : Adding type registration class -> org.hibernate.type.ClassType@61afbb25
2025-03-30 20:44:20.777 DEBUG 54348 --- [localhost-startStop-1] org.hibernate.type.BasicTypeRegistry     : Adding type registration java.lang.Class -> org.hibernate.type.ClassType@61afbb25
2025-03-30 20:44:20.778 DEBUG 54348 --- [localhost-startStop-1] org.hibernate.type.BasicTypeRegistry     : Adding type registration uuid-binary -> org.hibernate.type.UUIDBinaryType@703f9768
2025-03-30 20:44:20.778 DEBUG 54348 --- [localhost-startStop-1] org.hibernate.type.BasicTypeRegistry     : Adding type registration java.util.UUID -> org.hibernate.type.UUIDBinaryType@703f9768
2025-03-30 20:44:20.779 DEBUG 54348 --- [localhost-startStop-1] org.hibernate.type.BasicTypeRegistry     : Adding type registration uuid-char -> org.hibernate.type.UUIDCharType@2281a934
2025-03-30 20:44:20.780 DEBUG 54348 --- [localhost-startStop-1] org.hibernate.type.BasicTypeRegistry     : Adding type registration binary -> org.hibernate.type.BinaryType@73d19509
2025-03-30 20:44:20.780 DEBUG 54348 --- [localhost-startStop-1] org.hibernate.type.BasicTypeRegistry     : Adding type registration byte[] -> org.hibernate.type.BinaryType@73d19509
2025-03-30 20:44:20.780 DEBUG 54348 --- [localhost-startStop-1] org.hibernate.type.BasicTypeRegistry     : Adding type registration [B -> org.hibernate.type.BinaryType@73d19509
2025-03-30 20:44:20.781 DEBUG 54348 --- [localhost-startStop-1] org.hibernate.type.BasicTypeRegistry     : Adding type registration wrapper-binary -> org.hibernate.type.WrapperBinaryType@5065d0b3
2025-03-30 20:44:20.781 DEBUG 54348 --- [localhost-startStop-1] org.hibernate.type.BasicTypeRegistry     : Adding type registration Byte[] -> org.hibernate.type.WrapperBinaryType@5065d0b3
2025-03-30 20:44:20.782 DEBUG 54348 --- [localhost-startStop-1] org.hibernate.type.BasicTypeRegistry     : Adding type registration [Ljava.lang.Byte; -> org.hibernate.type.WrapperBinaryType@5065d0b3
2025-03-30 20:44:20.783 DEBUG 54348 --- [localhost-startStop-1] org.hibernate.type.BasicTypeRegistry     : Adding type registration row_version -> org.hibernate.type.RowVersionType@3ad8b98c
2025-03-30 20:44:20.784 DEBUG 54348 --- [localhost-startStop-1] org.hibernate.type.BasicTypeRegistry     : Adding type registration image -> org.hibernate.type.ImageType@40733698
2025-03-30 20:44:20.785 DEBUG 54348 --- [localhost-startStop-1] org.hibernate.type.BasicTypeRegistry     : Adding type registration characters -> org.hibernate.type.CharArrayType@740233f
2025-03-30 20:44:20.785 DEBUG 54348 --- [localhost-startStop-1] org.hibernate.type.BasicTypeRegistry     : Adding type registration char[] -> org.hibernate.type.CharArrayType@740233f
2025-03-30 20:44:20.785 DEBUG 54348 --- [localhost-startStop-1] org.hibernate.type.BasicTypeRegistry     : Adding type registration [C -> org.hibernate.type.CharArrayType@740233f
2025-03-30 20:44:20.786 DEBUG 54348 --- [localhost-startStop-1] org.hibernate.type.BasicTypeRegistry     : Adding type registration wrapper-characters -> org.hibernate.type.CharacterArrayType@2da5ac49
2025-03-30 20:44:20.787 DEBUG 54348 --- [localhost-startStop-1] org.hibernate.type.BasicTypeRegistry     : Adding type registration [Ljava.lang.Character; -> org.hibernate.type.CharacterArrayType@2da5ac49
2025-03-30 20:44:20.787 DEBUG 54348 --- [localhost-startStop-1] org.hibernate.type.BasicTypeRegistry     : Adding type registration Character[] -> org.hibernate.type.CharacterArrayType@2da5ac49
2025-03-30 20:44:20.787 DEBUG 54348 --- [localhost-startStop-1] org.hibernate.type.BasicTypeRegistry     : Adding type registration text -> org.hibernate.type.TextType@6f550007
2025-03-30 20:44:20.788 DEBUG 54348 --- [localhost-startStop-1] org.hibernate.type.BasicTypeRegistry     : Adding type registration ntext -> org.hibernate.type.NTextType@41f59d60
2025-03-30 20:44:20.791 DEBUG 54348 --- [localhost-startStop-1] org.hibernate.type.BasicTypeRegistry     : Adding type registration blob -> org.hibernate.type.BlobType@2b02be4a
2025-03-30 20:44:20.791 DEBUG 54348 --- [localhost-startStop-1] org.hibernate.type.BasicTypeRegistry     : Adding type registration java.sql.Blob -> org.hibernate.type.BlobType@2b02be4a
2025-03-30 20:44:20.791 DEBUG 54348 --- [localhost-startStop-1] org.hibernate.type.BasicTypeRegistry     : Adding type registration materialized_blob -> org.hibernate.type.MaterializedBlobType@67c4f087
2025-03-30 20:44:20.794 DEBUG 54348 --- [localhost-startStop-1] org.hibernate.type.BasicTypeRegistry     : Adding type registration clob -> org.hibernate.type.ClobType@2c3be7f6
2025-03-30 20:44:20.794 DEBUG 54348 --- [localhost-startStop-1] org.hibernate.type.BasicTypeRegistry     : Adding type registration java.sql.Clob -> org.hibernate.type.ClobType@2c3be7f6
2025-03-30 20:44:20.796 DEBUG 54348 --- [localhost-startStop-1] org.hibernate.type.BasicTypeRegistry     : Adding type registration nclob -> org.hibernate.type.NClobType@1ca7d440
2025-03-30 20:44:20.796 DEBUG 54348 --- [localhost-startStop-1] org.hibernate.type.BasicTypeRegistry     : Adding type registration java.sql.NClob -> org.hibernate.type.NClobType@1ca7d440
2025-03-30 20:44:20.797 DEBUG 54348 --- [localhost-startStop-1] org.hibernate.type.BasicTypeRegistry     : Adding type registration materialized_clob -> org.hibernate.type.MaterializedClobType@41371f07
2025-03-30 20:44:20.797 DEBUG 54348 --- [localhost-startStop-1] org.hibernate.type.BasicTypeRegistry     : Adding type registration materialized_nclob -> org.hibernate.type.MaterializedNClobType@6de42605
2025-03-30 20:44:20.798 DEBUG 54348 --- [localhost-startStop-1] org.hibernate.type.BasicTypeRegistry     : Adding type registration serializable -> org.hibernate.type.SerializableType@3c3ccb0a
2025-03-30 20:44:20.802 DEBUG 54348 --- [localhost-startStop-1] org.hibernate.type.BasicTypeRegistry     : Adding type registration object -> org.hibernate.type.ObjectType@6d9ed69
2025-03-30 20:44:20.802 DEBUG 54348 --- [localhost-startStop-1] org.hibernate.type.BasicTypeRegistry     : Adding type registration java.lang.Object -> org.hibernate.type.ObjectType@6d9ed69
2025-03-30 20:44:20.802 DEBUG 54348 --- [localhost-startStop-1] org.hibernate.type.BasicTypeRegistry     : Adding type registration imm_date -> org.hibernate.type.AdaptedImmutableType@6f3d89fe
2025-03-30 20:44:20.802 DEBUG 54348 --- [localhost-startStop-1] org.hibernate.type.BasicTypeRegistry     : Adding type registration imm_time -> org.hibernate.type.AdaptedImmutableType@264693d5
2025-03-30 20:44:20.803 DEBUG 54348 --- [localhost-startStop-1] org.hibernate.type.BasicTypeRegistry     : Adding type registration imm_timestamp -> org.hibernate.type.AdaptedImmutableType@2338b09d
2025-03-30 20:44:20.803 DEBUG 54348 --- [localhost-startStop-1] org.hibernate.type.BasicTypeRegistry     : Adding type registration imm_dbtimestamp -> org.hibernate.type.AdaptedImmutableType@7521e7f
2025-03-30 20:44:20.803 DEBUG 54348 --- [localhost-startStop-1] org.hibernate.type.BasicTypeRegistry     : Adding type registration imm_calendar -> org.hibernate.type.AdaptedImmutableType@4a30512
2025-03-30 20:44:20.803 DEBUG 54348 --- [localhost-startStop-1] org.hibernate.type.BasicTypeRegistry     : Adding type registration imm_calendar_date -> org.hibernate.type.AdaptedImmutableType@16e9e668
2025-03-30 20:44:20.803 DEBUG 54348 --- [localhost-startStop-1] org.hibernate.type.BasicTypeRegistry     : Adding type registration imm_binary -> org.hibernate.type.AdaptedImmutableType@70b31070
2025-03-30 20:44:20.803 DEBUG 54348 --- [localhost-startStop-1] org.hibernate.type.BasicTypeRegistry     : Adding type registration imm_serializable -> org.hibernate.type.AdaptedImmutableType@670559ff
2025-03-30 20:44:20.839  INFO 54348 --- [localhost-startStop-1] org.hibernate.dialect.Dialect            : HHH000400: Using dialect: org.hibernate.dialect.MySQL5Dialect
2025-03-30 20:44:21.207 TRACE 54348 --- [localhost-startStop-1] org.hibernate.type.TypeFactory           : Scoping types to session factory org.hibernate.internal.SessionFactoryImpl@13a3f12d
2025-03-30 20:44:21.666 DEBUG 54348 --- [localhost-startStop-1] org.hibernate.SQL                        : alter table choice add constraint FKcaq6r76cswke5b9fk6fyx3y5w foreign key (question_id) references question (id)
2025-03-30 20:44:21.694 DEBUG 54348 --- [localhost-startStop-1] org.hibernate.SQL                        : alter table course_intake add constraint FKan8tncye00ffyt8dowyfw7ojs foreign key (intake_id) references intake (id)
2025-03-30 20:44:21.711 DEBUG 54348 --- [localhost-startStop-1] org.hibernate.SQL                        : alter table course_intake add constraint FKji22iedtllc5etdcuqwnvucyr foreign key (course_id) references course (id)
2025-03-30 20:44:21.726 DEBUG 54348 --- [localhost-startStop-1] org.hibernate.SQL                        : alter table exam add constraint FKn532brmq33lmdtkitoilmi80h foreign key (created_by_id) references users (id)
2025-03-30 20:44:21.754 DEBUG 54348 --- [localhost-startStop-1] org.hibernate.SQL                        : alter table exam add constraint FK63a66i6bhnrb0r4jxa433oy4d foreign key (last_modified_by_id) references users (id)
2025-03-30 20:44:21.772 DEBUG 54348 --- [localhost-startStop-1] org.hibernate.SQL                        : alter table exam add constraint FKp5vlkv6hupefokqlkqes6adaq foreign key (intake_id) references intake (id)
2025-03-30 20:44:21.794 DEBUG 54348 --- [localhost-startStop-1] org.hibernate.SQL                        : alter table exam add constraint FK6gn733myw9089bt1byf73ywvk foreign key (part_id) references part (id)
2025-03-30 20:44:21.813 DEBUG 54348 --- [localhost-startStop-1] org.hibernate.SQL                        : alter table exam_user add constraint FKpvet665enmcbtnoecju2epqmp foreign key (exam_id) references exam (id)
2025-03-30 20:44:21.833 DEBUG 54348 --- [localhost-startStop-1] org.hibernate.SQL                        : alter table exam_user add constraint FKf4k82qyfrltw832j76mfq4pgg foreign key (user_id) references users (id)
2025-03-30 20:44:21.849 DEBUG 54348 --- [localhost-startStop-1] org.hibernate.SQL                        : alter table part add constraint FKtnwvrwb4t7082shtwnu2llxb8 foreign key (course_id) references course (id)
2025-03-30 20:44:21.866 DEBUG 54348 --- [localhost-startStop-1] org.hibernate.SQL                        : alter table password_reset_tokens add constraint FKk3ndxg5xp6v7wd4gjyusp15gq foreign key (user_id) references users (id)
2025-03-30 20:44:21.882 DEBUG 54348 --- [localhost-startStop-1] org.hibernate.SQL                        : alter table question add constraint FKg2l13mx3l3600hci5cxlgm4r8 foreign key (created_by_id) references users (id)
2025-03-30 20:44:21.901 DEBUG 54348 --- [localhost-startStop-1] org.hibernate.SQL                        : alter table question add constraint FKkoa1htu17jtq679exs0s7ekvu foreign key (last_modified_by_id) references users (id)
2025-03-30 20:44:21.921 DEBUG 54348 --- [localhost-startStop-1] org.hibernate.SQL                        : alter table question add constraint FKhhgpexaoh3njc4r07qhnal3wm foreign key (part_id) references part (id)
2025-03-30 20:44:21.940 DEBUG 54348 --- [localhost-startStop-1] org.hibernate.SQL                        : alter table question add constraint FK7svspov4rexjawqdvi2jni81u foreign key (question_type_id) references question_type (id)
2025-03-30 20:44:21.956 DEBUG 54348 --- [localhost-startStop-1] org.hibernate.SQL                        : alter table role_user add constraint FKiqpmjd2qb4rdkej916ymonic6 foreign key (role_id) references role (id)
2025-03-30 20:44:21.973 DEBUG 54348 --- [localhost-startStop-1] org.hibernate.SQL                        : alter table role_user add constraint FKhvai2k29vlwpt9wod4sw4ghmn foreign key (user_id) references users (id)
2025-03-30 20:44:21.992 DEBUG 54348 --- [localhost-startStop-1] org.hibernate.SQL                        : alter table users add constraint FKoyj5ikudsy54xbe8yl82mhquy foreign key (intake_id) references intake (id)
2025-03-30 20:44:22.012 DEBUG 54348 --- [localhost-startStop-1] org.hibernate.SQL                        : alter table users add constraint FK5q3e9303ap1wvtia6sft7ht1s foreign key (profile_id) references profile (id)
2025-03-30 20:44:22.036  INFO 54348 --- [localhost-startStop-1] j.LocalContainerEntityManagerFactoryBean : Initialized JPA EntityManagerFactory for persistence unit 'default'
2025-03-30 20:44:22.521  INFO 54348 --- [localhost-startStop-1] o.s.b.w.servlet.FilterRegistrationBean   : Mapping filter: 'characterEncodingFilter' to: [/*]
2025-03-30 20:44:22.522  INFO 54348 --- [localhost-startStop-1] o.s.b.w.servlet.FilterRegistrationBean   : Mapping filter: 'hiddenHttpMethodFilter' to: [/*]
2025-03-30 20:44:22.522  INFO 54348 --- [localhost-startStop-1] o.s.b.w.servlet.FilterRegistrationBean   : Mapping filter: 'httpPutFormContentFilter' to: [/*]
2025-03-30 20:44:22.522  INFO 54348 --- [localhost-startStop-1] o.s.b.w.servlet.FilterRegistrationBean   : Mapping filter: 'requestContextFilter' to: [/*]
2025-03-30 20:44:22.522  INFO 54348 --- [localhost-startStop-1] .s.DelegatingFilterProxyRegistrationBean : Mapping filter: 'springSecurityFilterChain' to: [/*]
2025-03-30 20:44:22.522  INFO 54348 --- [localhost-startStop-1] o.s.b.w.servlet.FilterRegistrationBean   : Mapping filter: 'authenticationJwtTokenFilter' to: [/*]
2025-03-30 20:44:22.522  INFO 54348 --- [localhost-startStop-1] o.s.b.w.servlet.ServletRegistrationBean  : Servlet dispatcherServlet mapped to [/]
2025-03-30 20:44:24.321  INFO 54348 --- [restartedMain] o.s.w.s.handler.SimpleUrlHandlerMapping  : Mapped URL path [/**/favicon.ico] onto handler of type [class org.springframework.web.servlet.resource.ResourceHttpRequestHandler]
2025-03-30 20:44:24.389  INFO 54348 --- [restartedMain] s.w.s.m.m.a.RequestMappingHandlerMapping : Mapped "{[/api/auth/password-reset-request],methods=[POST]}" onto public com.thanhtam.backend.dto.OperationStatusDto com.thanhtam.backend.controller.AuthenticationController.resetPasswordRequest(com.thanhtam.backend.dto.PasswordResetRequest) throws javax.mail.MessagingException
2025-03-30 20:44:24.391  INFO 54348 --- [restartedMain] s.w.s.m.m.a.RequestMappingHandlerMapping : Mapped "{[/api/auth/password-reset],methods=[POST]}" onto public com.thanhtam.backend.dto.OperationStatusDto com.thanhtam.backend.controller.AuthenticationController.resetPassword(com.thanhtam.backend.dto.PasswordResetDto)
2025-03-30 20:44:24.392  INFO 54348 --- [restartedMain] s.w.s.m.m.a.RequestMappingHandlerMapping : Mapped "{[/api/auth/signin],methods=[POST]}" onto public org.springframework.http.ResponseEntity<?> com.thanhtam.backend.controller.AuthenticationController.authenticateUser(com.thanhtam.backend.dto.LoginUser)
2025-03-30 20:44:24.394  INFO 54348 --- [restartedMain] s.w.s.m.m.a.RequestMappingHandlerMapping : Mapped "{[/api/charts/courses],methods=[GET]}" onto public java.util.List<com.thanhtam.backend.dto.CourseChart> com.thanhtam.backend.controller.ChartController.getCourseChart()
2025-03-30 20:44:24.400  INFO 54348 --- [restartedMain] s.w.s.m.m.a.RequestMappingHandlerMapping : Mapped "{[/api/courses],methods=[GET]}" onto public com.thanhtam.backend.dto.PageResult com.thanhtam.backend.controller.CourseController.getCourseListByPage(org.springframework.data.domain.Pageable)
2025-03-30 20:44:24.401  INFO 54348 --- [restartedMain] s.w.s.m.m.a.RequestMappingHandlerMapping : Mapped "{[/api/courses/check-course-code],methods=[GET]}" onto public boolean com.thanhtam.backend.controller.CourseController.checkCode(java.lang.String)
2025-03-30 20:44:24.402  INFO 54348 --- [restartedMain] s.w.s.m.m.a.RequestMappingHandlerMapping : Mapped "{[/api/courses/{id}],methods=[GET]}" onto public org.springframework.http.ResponseEntity<?> com.thanhtam.backend.controller.CourseController.getCourseById(java.lang.Long)
2025-03-30 20:44:24.402  INFO 54348 --- [restartedMain] s.w.s.m.m.a.RequestMappingHandlerMapping : Mapped "{[/api/courses],methods=[POST]}" onto public org.springframework.http.ResponseEntity<java.lang.Object> com.thanhtam.backend.controller.CourseController.createCourse(com.thanhtam.backend.entity.Course)
2025-03-30 20:44:24.403  INFO 54348 --- [restartedMain] s.w.s.m.m.a.RequestMappingHandlerMapping : Mapped "{[/api/courses/{id}],methods=[PATCH]}" onto public org.springframework.http.ResponseEntity<?> com.thanhtam.backend.controller.CourseController.updateCourse(com.thanhtam.backend.entity.Course,java.lang.Long)
2025-03-30 20:44:24.404  INFO 54348 --- [restartedMain] s.w.s.m.m.a.RequestMappingHandlerMapping : Mapped "{[/api/courses/{id}],methods=[DELETE]}" onto public org.springframework.http.ResponseEntity<?> com.thanhtam.backend.controller.CourseController.deleteCourse(java.lang.Long)
2025-03-30 20:44:24.405  INFO 54348 --- [restartedMain] s.w.s.m.m.a.RequestMappingHandlerMapping : Mapped "{[/api/courses/part/{partId}],methods=[GET]}" onto public com.thanhtam.backend.entity.Course com.thanhtam.backend.controller.CourseController.getCourseByPart(java.lang.Long)
2025-03-30 20:44:24.406  INFO 54348 --- [restartedMain] s.w.s.m.m.a.RequestMappingHandlerMapping : Mapped "{[/api/intakes/{intakeId}/courses],methods=[GET]}" onto public java.util.List<com.thanhtam.backend.entity.Course> com.thanhtam.backend.controller.CourseController.findAllByIntakeId(java.lang.Long)
2025-03-30 20:44:24.406  INFO 54348 --- [restartedMain] s.w.s.m.m.a.RequestMappingHandlerMapping : Mapped "{[/api/course-list],methods=[GET]}" onto public java.util.List<com.thanhtam.backend.entity.Course> com.thanhtam.backend.controller.CourseController.getAllCourse()
2025-03-30 20:44:24.407  INFO 54348 --- [restartedMain] s.w.s.m.m.a.RequestMappingHandlerMapping : Mapped "{[/api/courses/{id}/check-course-code],methods=[GET]}" onto public boolean com.thanhtam.backend.controller.CourseController.checkCourseCode(java.lang.String,java.lang.Long)
2025-03-30 20:44:24.408  INFO 54348 --- [restartedMain] s.w.s.m.m.a.RequestMappingHandlerMapping : Mapped "{[/api/send-email],methods=[POST]}" onto public void com.thanhtam.backend.controller.EmailController.sendEmail(com.thanhtam.backend.entity.Email) throws java.lang.Exception
2025-03-30 20:44:24.413  INFO 54348 --- [restartedMain] s.w.s.m.m.a.RequestMappingHandlerMapping : Mapped "{[/api/exams],methods=[GET]}" onto public com.thanhtam.backend.dto.PageResult com.thanhtam.backend.controller.ExamController.getExamsByPage(org.springframework.data.domain.Pageable)
2025-03-30 20:44:24.415  INFO 54348 --- [restartedMain] s.w.s.m.m.a.RequestMappingHandlerMapping : Mapped "{[/api/exams/list-all-by-user],methods=[GET]}" onto public org.springframework.http.ResponseEntity<java.util.List<com.thanhtam.backend.entity.ExamUser>> com.thanhtam.backend.controller.ExamController.getAllByUser()
2025-03-30 20:44:24.415  INFO 54348 --- [restartedMain] s.w.s.m.m.a.RequestMappingHandlerMapping : Mapped "{[/api/exams/exam-user/{examId}],methods=[GET]}" onto public org.springframework.http.ResponseEntity<com.thanhtam.backend.entity.ExamUser> com.thanhtam.backend.controller.ExamController.getExamUserById(java.lang.Long) throws java.text.ParseException
2025-03-30 20:44:24.416  INFO 54348 --- [restartedMain] s.w.s.m.m.a.RequestMappingHandlerMapping : Mapped "{[/api/exams/{examId}/questions],methods=[GET]}" onto public org.springframework.http.ResponseEntity<com.thanhtam.backend.dto.ExamQuestionList> com.thanhtam.backend.controller.ExamController.getAllQuestions(java.lang.Long) throws java.io.IOException
2025-03-30 20:44:24.416  INFO 54348 --- [restartedMain] s.w.s.m.m.a.RequestMappingHandlerMapping : Mapped "{[/api/exams],methods=[POST]}" onto public org.springframework.http.ResponseEntity<?> com.thanhtam.backend.controller.ExamController.createExam(com.thanhtam.backend.entity.Exam,java.lang.Long,java.lang.Long,boolean,boolean)
2025-03-30 20:44:24.417  INFO 54348 --- [restartedMain] s.w.s.m.m.a.RequestMappingHandlerMapping : Mapped "{[/api/exams/{id}],methods=[GET]}" onto public org.springframework.http.ResponseEntity<com.thanhtam.backend.entity.Exam> com.thanhtam.backend.controller.ExamController.getExamById(java.lang.Long)
2025-03-30 20:44:24.418  INFO 54348 --- [restartedMain] s.w.s.m.m.a.RequestMappingHandlerMapping : Mapped "{[/api/exams/{examId}/questions-by-user],methods=[PUT]}" onto public void com.thanhtam.backend.controller.ExamController.saveUserExamAnswer(java.util.List<com.thanhtam.backend.dto.AnswerSheet>,java.lang.Long,boolean,int) throws com.fasterxml.jackson.core.JsonProcessingException
2025-03-30 20:44:24.419  INFO 54348 --- [restartedMain] s.w.s.m.m.a.RequestMappingHandlerMapping : Mapped "{[/api/exams/{examId}/result/all],methods=[GET]}" onto public org.springframework.http.ResponseEntity com.thanhtam.backend.controller.ExamController.getResultExamAll(java.lang.Long) throws java.io.IOException
2025-03-30 20:44:24.419  INFO 54348 --- [restartedMain] s.w.s.m.m.a.RequestMappingHandlerMapping : Mapped "{[/api/exams/{examId}/result/all/question-report],methods=[GET]}" onto public org.springframework.http.ResponseEntity com.thanhtam.backend.controller.ExamController.getResultExamQuestionsReport(java.lang.Long) throws java.io.IOException
2025-03-30 20:44:24.419  INFO 54348 --- [restartedMain] s.w.s.m.m.a.RequestMappingHandlerMapping : Mapped "{[/api/exams/{examId}/result],methods=[GET]}" onto public org.springframework.http.ResponseEntity com.thanhtam.backend.controller.ExamController.getResultExam(java.lang.Long) throws java.io.IOException
2025-03-30 20:44:24.419  INFO 54348 --- [restartedMain] s.w.s.m.m.a.RequestMappingHandlerMapping : Mapped "{[/api/exams/{examId}/users/{username}/result],methods=[GET]}" onto public org.springframework.http.ResponseEntity com.thanhtam.backend.controller.ExamController.getResultExamByUser(java.lang.Long,java.lang.String) throws java.io.IOException
2025-03-30 20:44:24.420  INFO 54348 --- [restartedMain] s.w.s.m.m.a.RequestMappingHandlerMapping : Mapped "{[/api/exam/{id}/question-text],methods=[GET]}" onto public java.util.List<com.thanhtam.backend.dto.ExamDetail> com.thanhtam.backend.controller.ExamController.getQuestionTextByExamId(java.lang.Long) throws java.io.IOException
2025-03-30 20:44:24.420  INFO 54348 --- [restartedMain] s.w.s.m.m.a.RequestMappingHandlerMapping : Mapped "{[/api/exams/schedule],methods=[GET]}" onto public java.util.List<com.thanhtam.backend.dto.ExamCalendar> com.thanhtam.backend.controller.ExamController.getExamCalendar()
2025-03-30 20:44:24.421  INFO 54348 --- [restartedMain] s.w.s.m.m.a.RequestMappingHandlerMapping : Mapped "{[/api/exams/{id}/cancel],methods=[GET]}" onto public void com.thanhtam.backend.controller.ExamController.cancelExam(java.lang.Long)
2025-03-30 20:44:24.421  INFO 54348 --- [restartedMain] s.w.s.m.m.a.RequestMappingHandlerMapping : Mapped "{[/api/file/import/users],methods=[POST]}" onto public org.springframework.http.ResponseEntity<com.thanhtam.backend.dto.UserExcel> com.thanhtam.backend.controller.ExcelController.uploadUserToDB(org.springframework.web.multipart.MultipartFile) throws java.io.IOException
2025-03-30 20:44:24.423  INFO 54348 --- [restartedMain] s.w.s.m.m.a.RequestMappingHandlerMapping : Mapped "{[/api/aws/file/upload],methods=[POST]}" onto public java.lang.String com.thanhtam.backend.controller.FileAWSController.uploadMultipartFile(org.springframework.web.multipart.MultipartFile,java.lang.String)
2025-03-30 20:44:24.423  INFO 54348 --- [restartedMain] s.w.s.m.m.a.RequestMappingHandlerMapping : Mapped "{[/api/aws/file/upload/avatar],methods=[POST]}" onto public java.lang.String com.thanhtam.backend.controller.FileAWSController.uploadMultipartFile(org.springframework.web.multipart.MultipartFile) throws java.lang.Exception
2025-03-30 20:44:24.424  INFO 54348 --- [restartedMain] s.w.s.m.m.a.RequestMappingHandlerMapping : Mapped "{[/api/aws/file/{keyName}],methods=[GET]}" onto public org.springframework.http.ResponseEntity<byte[]> com.thanhtam.backend.controller.FileAWSController.downloadFile(java.lang.String)
2025-03-30 20:44:24.424  INFO 54348 --- [restartedMain] s.w.s.m.m.a.RequestMappingHandlerMapping : Mapped "{[/api/aws/file/all],methods=[GET]}" onto public java.util.List<java.lang.String> com.thanhtam.backend.controller.FileAWSController.listAllFiles()
2025-03-30 20:44:24.425  INFO 54348 --- [restartedMain] s.w.s.m.m.a.RequestMappingHandlerMapping : Mapped "{[/api/aws/delete],methods=[DELETE]}" onto public org.springframework.http.ResponseEntity<java.lang.String> com.thanhtam.backend.controller.FileAWSController.deleteFile(java.lang.String)
2025-03-30 20:44:24.425  INFO 54348 --- [restartedMain] s.w.s.m.m.a.RequestMappingHandlerMapping : Mapped "{[/api/aws/file/upload/course],methods=[POST]}" onto public java.lang.String com.thanhtam.backend.controller.FileAWSController.uploadCourseImg(org.springframework.web.multipart.MultipartFile)
2025-03-30 20:44:24.426  INFO 54348 --- [restartedMain] s.w.s.m.m.a.RequestMappingHandlerMapping : Mapped "{[/files],methods=[GET]}" onto public org.springframework.http.ResponseEntity<java.util.List<com.thanhtam.backend.entity.FileInfo>> com.thanhtam.backend.controller.FileController.getListFiles()
2025-03-30 20:44:24.426  INFO 54348 --- [restartedMain] s.w.s.m.m.a.RequestMappingHandlerMapping : Mapped "{[/upload],methods=[POST]}" onto public org.springframework.http.ResponseEntity<com.thanhtam.backend.dto.ServiceResult> com.thanhtam.backend.controller.FileController.uploadFile(org.springframework.web.multipart.MultipartFile)
2025-03-30 20:44:24.427  INFO 54348 --- [restartedMain] s.w.s.m.m.a.RequestMappingHandlerMapping : Mapped "{[/files/{filename:.+}],methods=[GET]}" onto public org.springframework.http.ResponseEntity<org.springframework.core.io.Resource> com.thanhtam.backend.controller.FileController.getFile(java.lang.String)
2025-03-30 20:44:24.428  INFO 54348 --- [restartedMain] s.w.s.m.m.a.RequestMappingHandlerMapping : Mapped "{[/api/intakes],methods=[GET]}" onto public java.util.List<com.thanhtam.backend.entity.Intake> com.thanhtam.backend.controller.IntakeController.getIntakeList()
2025-03-30 20:44:24.429  INFO 54348 --- [restartedMain] s.w.s.m.m.a.RequestMappingHandlerMapping : Mapped "{[/api/courses/{courseId}/parts],methods=[POST]}" onto public void com.thanhtam.backend.controller.PartController.createPartByCourse(com.thanhtam.backend.entity.Part,java.lang.Long)
2025-03-30 20:44:24.429  INFO 54348 --- [restartedMain] s.w.s.m.m.a.RequestMappingHandlerMapping : Mapped "{[/api/parts/{id}],methods=[GET]}" onto public org.springframework.http.ResponseEntity<?> com.thanhtam.backend.controller.PartController.getPartById(java.lang.Long)
2025-03-30 20:44:24.430  INFO 54348 --- [restartedMain] s.w.s.m.m.a.RequestMappingHandlerMapping : Mapped "{[/api/courses/{courseId}/part-list],methods=[GET]}" onto public java.util.List<com.thanhtam.backend.entity.Part> com.thanhtam.backend.controller.PartController.getPartListByCourse(java.lang.Long)
2025-03-30 20:44:24.430  INFO 54348 --- [restartedMain] s.w.s.m.m.a.RequestMappingHandlerMapping : Mapped "{[/api/courses/{courseId}/parts],methods=[GET]}" onto public com.thanhtam.backend.dto.PageResult com.thanhtam.backend.controller.PartController.getPartListByCourse(org.springframework.data.domain.Pageable,java.lang.Long)
2025-03-30 20:44:24.430  INFO 54348 --- [restartedMain] s.w.s.m.m.a.RequestMappingHandlerMapping : Mapped "{[/api/parts/{id}],methods=[PATCH]}" onto public org.springframework.http.ResponseEntity<?> com.thanhtam.backend.controller.PartController.updatePartName(java.lang.Long,java.lang.String)
2025-03-30 20:44:24.431  INFO 54348 --- [restartedMain] s.w.s.m.m.a.RequestMappingHandlerMapping : Mapped "{[/api/profiles],methods=[GET]}" onto public org.springframework.http.ResponseEntity<?> com.thanhtam.backend.controller.ProfileController.getAllProfiles()
2025-03-30 20:44:24.433  INFO 54348 --- [restartedMain] s.w.s.m.m.a.RequestMappingHandlerMapping : Mapped "{[/api/questions],methods=[GET]}" onto public org.springframework.http.ResponseEntity<com.thanhtam.backend.dto.ServiceResult> com.thanhtam.backend.controller.QuestionController.getAllQuestion()
2025-03-30 20:44:24.434  INFO 54348 --- [restartedMain] s.w.s.m.m.a.RequestMappingHandlerMapping : Mapped "{[/api/parts/{partId}/questions],methods=[GET]}" onto public com.thanhtam.backend.dto.PageResult com.thanhtam.backend.controller.QuestionController.getQuestionsByPart(org.springframework.data.domain.Pageable,java.lang.Long)
2025-03-30 20:44:24.434  INFO 54348 --- [restartedMain] s.w.s.m.m.a.RequestMappingHandlerMapping : Mapped "{[/api/parts/{partId}/questions/false/deleted],methods=[GET]}" onto public com.thanhtam.backend.dto.PageResult com.thanhtam.backend.controller.QuestionController.getQuestionsByPartNotDeleted(org.springframework.data.domain.Pageable,java.lang.Long)
2025-03-30 20:44:24.435  INFO 54348 --- [restartedMain] s.w.s.m.m.a.RequestMappingHandlerMapping : Mapped "{[/api/question-types/{typeId}/questions],methods=[GET]}" onto public org.springframework.http.ResponseEntity<?> com.thanhtam.backend.controller.QuestionController.getQuestionByQuestionType(java.lang.Long)
2025-03-30 20:44:24.435  INFO 54348 --- [restartedMain] s.w.s.m.m.a.RequestMappingHandlerMapping : Mapped "{[/api/questions],methods=[POST]}" onto public com.thanhtam.backend.entity.Question com.thanhtam.backend.controller.QuestionController.createQuestion(com.thanhtam.backend.entity.Question,java.lang.String,java.lang.Long)
2025-03-30 20:44:24.435  INFO 54348 --- [restartedMain] s.w.s.m.m.a.RequestMappingHandlerMapping : Mapped "{[/api/questions/{id}],methods=[PUT]}" onto public org.springframework.http.ResponseEntity<?> com.thanhtam.backend.controller.QuestionController.updateQuestion(com.thanhtam.backend.entity.Question,java.lang.Long)
2025-03-30 20:44:24.436  INFO 54348 --- [restartedMain] s.w.s.m.m.a.RequestMappingHandlerMapping : Mapped "{[/api/questions/{id}/deleted/{deleted}],methods=[GET]}" onto public org.springframework.http.ResponseEntity<?> com.thanhtam.backend.controller.QuestionController.deleteTempQuestion(java.lang.Long,boolean)
2025-03-30 20:44:24.437  INFO 54348 --- [restartedMain] s.w.s.m.m.a.RequestMappingHandlerMapping : Mapped "{[/api/questions/{id}],methods=[GET]}" onto public org.springframework.http.ResponseEntity<?> com.thanhtam.backend.controller.QuestionController.getQuestionById(java.lang.Long)
2025-03-30 20:44:24.438  INFO 54348 --- [restartedMain] s.w.s.m.m.a.RequestMappingHandlerMapping : Mapped "{[/api/question-types/{id}],methods=[GET]}" onto public com.thanhtam.backend.entity.QuestionType com.thanhtam.backend.controller.QuestionTypeController.getQuestionTypeById(java.lang.Long)
2025-03-30 20:44:24.439  INFO 54348 --- [restartedMain] s.w.s.m.m.a.RequestMappingHandlerMapping : Mapped "{[/api/question-types],methods=[GET]}" onto public java.util.List<com.thanhtam.backend.entity.QuestionType> com.thanhtam.backend.controller.QuestionTypeController.getAllQuestionType()
2025-03-30 20:44:24.439  INFO 54348 --- [restartedMain] s.w.s.m.m.a.RequestMappingHandlerMapping : Mapped "{[/api/question-types/{typeCode}],methods=[GET]}" onto public com.thanhtam.backend.entity.QuestionType com.thanhtam.backend.controller.QuestionTypeController.getQuestionTypeByTypeCode(java.lang.String)
2025-03-30 20:44:24.440  INFO 54348 --- [restartedMain] s.w.s.m.m.a.RequestMappingHandlerMapping : Mapped "{[/api/statistics],methods=[GET]}" onto public com.thanhtam.backend.dto.StatisticsDashboard com.thanhtam.backend.controller.StatisticsController.getStatistics()
2025-03-30 20:44:24.442  INFO 54348 --- [restartedMain] s.w.s.m.m.a.RequestMappingHandlerMapping : Mapped "{[/api/users/{id}],methods=[PUT]}" onto public org.springframework.http.ResponseEntity<?> com.thanhtam.backend.controller.UserController.updateUser(com.thanhtam.backend.dto.UserUpdate,java.lang.Long)
2025-03-30 20:44:24.443  INFO 54348 --- [restartedMain] s.w.s.m.m.a.RequestMappingHandlerMapping : Mapped "{[/api/users/{id}/email/updating],methods=[PATCH]}" onto public org.springframework.http.ResponseEntity com.thanhtam.backend.controller.UserController.updateEmail(com.thanhtam.backend.dto.EmailUpdate,java.lang.Long)
2025-03-30 20:44:24.443  INFO 54348 --- [restartedMain] s.w.s.m.m.a.RequestMappingHandlerMapping : Mapped "{[/api/users/{id}/password/updating],methods=[PATCH]}" onto public org.springframework.http.ResponseEntity com.thanhtam.backend.controller.UserController.updatePass(com.thanhtam.backend.dto.PasswordUpdate,java.lang.Long)
2025-03-30 20:44:24.443  INFO 54348 --- [restartedMain] s.w.s.m.m.a.RequestMappingHandlerMapping : Mapped "{[/api/users/{id}/check-email],methods=[GET]}" onto public boolean com.thanhtam.backend.controller.UserController.checkExistsEmailUpdate(java.lang.String,java.lang.Long)
2025-03-30 20:44:24.444  INFO 54348 --- [restartedMain] s.w.s.m.m.a.RequestMappingHandlerMapping : Mapped "{[/api/users/{id}/deleted/{deleted}],methods=[GET]}" onto public org.springframework.http.ResponseEntity<?> com.thanhtam.backend.controller.UserController.deleteTempUser(java.lang.Long,boolean)
2025-03-30 20:44:24.444  INFO 54348 --- [restartedMain] s.w.s.m.m.a.RequestMappingHandlerMapping : Mapped "{[/api/users],methods=[GET]}" onto public com.thanhtam.backend.dto.PageResult com.thanhtam.backend.controller.UserController.getUsersByPage(org.springframework.data.domain.Pageable)
2025-03-30 20:44:24.444  INFO 54348 --- [restartedMain] s.w.s.m.m.a.RequestMappingHandlerMapping : Mapped "{[/api/users/search],methods=[GET]}" onto public com.thanhtam.backend.dto.PageResult com.thanhtam.backend.controller.UserController.searchUsersByUsernameOrEmail(java.lang.String,org.springframework.data.domain.Pageable)
2025-03-30 20:44:24.445  INFO 54348 --- [restartedMain] s.w.s.m.m.a.RequestMappingHandlerMapping : Mapped "{[/api/users],methods=[POST]}" onto public org.springframework.http.ResponseEntity<?> com.thanhtam.backend.controller.UserController.createUser(com.thanhtam.backend.entity.User)
2025-03-30 20:44:24.445  INFO 54348 --- [restartedMain] s.w.s.m.m.a.RequestMappingHandlerMapping : Mapped "{[/api/users/deleted/{status}/export/users.csv],methods=[GET]}" onto public void com.thanhtam.backend.controller.UserController.exportUsersToCSV(javax.servlet.http.HttpServletResponse) throws java.lang.Exception
2025-03-30 20:44:24.445  INFO 54348 --- [restartedMain] s.w.s.m.m.a.RequestMappingHandlerMapping : Mapped "{[/api/users/check-username],methods=[GET]}" onto public boolean com.thanhtam.backend.controller.UserController.checkUsername(java.lang.String)
2025-03-30 20:44:24.446  INFO 54348 --- [restartedMain] s.w.s.m.m.a.RequestMappingHandlerMapping : Mapped "{[/api/users/check-email],methods=[GET]}" onto public boolean com.thanhtam.backend.controller.UserController.checkEmail(java.lang.String)
2025-03-30 20:44:24.446  INFO 54348 --- [restartedMain] s.w.s.m.m.a.RequestMappingHandlerMapping : Mapped "{[/api/users/profile],methods=[GET]}" onto public org.springframework.http.ResponseEntity<?> com.thanhtam.backend.controller.UserController.getUser(java.lang.String)
2025-03-30 20:44:24.449  INFO 54348 --- [restartedMain] s.w.s.m.m.a.RequestMappingHandlerMapping : Mapped "{[/error],produces=[text/html]}" onto public org.springframework.web.servlet.ModelAndView org.springframework.boot.autoconfigure.web.servlet.error.BasicErrorController.errorHtml(javax.servlet.http.HttpServletRequest,javax.servlet.http.HttpServletResponse)
2025-03-30 20:44:24.449  INFO 54348 --- [restartedMain] s.w.s.m.m.a.RequestMappingHandlerMapping : Mapped "{[/error]}" onto public org.springframework.http.ResponseEntity<java.util.Map<java.lang.String, java.lang.Object>> org.springframework.boot.autoconfigure.web.servlet.error.BasicErrorController.error(javax.servlet.http.HttpServletRequest)
2025-03-30 20:44:24.496  INFO 54348 --- [restartedMain] o.s.w.s.handler.SimpleUrlHandlerMapping  : Mapped URL path [/webjars/**] onto handler of type [class org.springframework.web.servlet.resource.ResourceHttpRequestHandler]
2025-03-30 20:44:24.496  INFO 54348 --- [restartedMain] o.s.w.s.handler.SimpleUrlHandlerMapping  : Mapped URL path [/**] onto handler of type [class org.springframework.web.servlet.resource.ResourceHttpRequestHandler]
2025-03-30 20:44:24.541  INFO 54348 --- [restartedMain] o.s.s.web.DefaultSecurityFilterChain     : Creating filter chain: org.springframework.security.web.util.matcher.AnyRequestMatcher@1, [org.springframework.security.web.context.request.async.WebAsyncManagerIntegrationFilter@14907a5e, org.springframework.security.web.context.SecurityContextPersistenceFilter@1f8b9666, org.springframework.security.web.header.HeaderWriterFilter@4157522b, org.springframework.web.filter.CorsFilter@1f6d33da, org.springframework.security.web.authentication.logout.LogoutFilter@610192ac, com.thanhtam.backend.config.AuthTokenFilter@4d3d1c87, org.springframework.security.web.savedrequest.RequestCacheAwareFilter@85ef74, org.springframework.security.web.servletapi.SecurityContextHolderAwareRequestFilter@3d8464d2, org.springframework.security.web.authentication.AnonymousAuthenticationFilter@334baf5e, org.springframework.security.web.session.SessionManagementFilter@2904e740, org.springframework.security.web.access.ExceptionTranslationFilter@43c75011, org.springframework.security.web.access.intercept.FilterSecurityInterceptor@cf3e5a5]
2025-03-30 20:44:24.779  INFO 54348 --- [restartedMain] s.w.s.m.m.a.RequestMappingHandlerAdapter : Looking for @ControllerAdvice: org.springframework.boot.web.servlet.context.AnnotationConfigServletWebServerApplicationContext@2b894add: startup date [Sun Mar 30 20:44:17 ICT 2025]; root of context hierarchy
2025-03-30 20:44:24.825  INFO 54348 --- [restartedMain] .m.m.a.ExceptionHandlerExceptionResolver : Detected @ExceptionHandler methods in fileUploadExceptionAdvice
2025-03-30 20:44:25.305  INFO 54348 --- [restartedMain] o.s.b.d.a.OptionalLiveReloadServer       : LiveReload server is running on port 35729
2025-03-30 20:44:25.351  INFO 54348 --- [restartedMain] o.s.j.e.a.AnnotationMBeanExporter        : Registering beans for JMX exposure on startup
2025-03-30 20:44:25.353  INFO 54348 --- [restartedMain] o.s.j.e.a.AnnotationMBeanExporter        : Bean with name 'dataSource' has been autodetected for JMX exposure
2025-03-30 20:44:25.357  INFO 54348 --- [restartedMain] o.s.j.e.a.AnnotationMBeanExporter        : Located MBean 'dataSource': registering with JMX server as MBean [com.zaxxer.hikari:name=dataSource,type=HikariDataSource]
2025-03-30 20:44:25.385  INFO 54348 --- [restartedMain] o.s.b.w.embedded.tomcat.TomcatWebServer  : Tomcat started on port(s): 8080 (http) with context path ''
2025-03-30 20:44:25.388  INFO 54348 --- [restartedMain] com.thanhtam.backend.BackendApplication  : Started BackendApplication in 8.387 seconds (JVM running for 8.772)
2025-03-30 20:44:29.243  INFO 54348 --- [Thread-9] ConfigServletWebServerApplicationContext : Closing org.springframework.boot.web.servlet.context.AnnotationConfigServletWebServerApplicationContext@2b894add: startup date [Sun Mar 30 20:44:17 ICT 2025]; root of context hierarchy
2025-03-30 20:44:29.261  INFO 54348 --- [Thread-9] com.zaxxer.hikari.HikariDataSource       : HikariPool-1 - Shutdown initiated...
2025-03-30 20:44:29.264  INFO 54348 --- [Thread-9] com.zaxxer.hikari.HikariDataSource       : HikariPool-1 - Shutdown completed.
